INFO - 2024-02-23 01:31:59 --> Session: Class initialized using 'CodeIgniter\Session\Handlers\FileHandler' driver.
INFO - 2024-02-23 01:44:55 --> Session: Class initialized using 'CodeIgniter\Session\Handlers\FileHandler' driver.
INFO - 2024-02-23 01:45:00 --> Session: Class initialized using 'CodeIgniter\Session\Handlers\FileHandler' driver.
INFO - 2024-02-23 01:45:03 --> Session: Class initialized using 'CodeIgniter\Session\Handlers\FileHandler' driver.
INFO - 2024-02-23 01:45:14 --> Session: Class initialized using 'CodeIgniter\Session\Handlers\FileHandler' driver.
INFO - 2024-02-23 01:45:17 --> Session: Class initialized using 'CodeIgniter\Session\Handlers\FileHandler' driver.
INFO - 2024-02-23 01:45:20 --> Session: Class initialized using 'CodeIgniter\Session\Handlers\FileHandler' driver.
INFO - 2024-02-23 02:00:35 --> Session: Class initialized using 'CodeIgniter\Session\Handlers\FileHandler' driver.
INFO - 2024-02-23 02:00:58 --> Session: Class initialized using 'CodeIgniter\Session\Handlers\FileHandler' driver.
INFO - 2024-02-23 02:16:27 --> Session: Class initialized using 'CodeIgniter\Session\Handlers\FileHandler' driver.
CRITICAL - 2024-02-23 02:16:27 --> CodeIgniter\HTTP\Exceptions\HTTPException: 22 : The requested URL returned error: 401
in SYSTEMPATH/HTTP/CURLRequest.php on line 695.
 1 SYSTEMPATH/HTTP/CURLRequest.php(695): CodeIgniter\HTTP\Exceptions\HTTPException::forCurlError('22', 'The requested URL returned error: 401')
 2 SYSTEMPATH/HTTP/CURLRequest.php(387): CodeIgniter\HTTP\CURLRequest->sendRequest([...])
 3 SYSTEMPATH/HTTP/CURLRequest.php(145): CodeIgniter\HTTP\CURLRequest->send('GET', 'http://api-e-smades.dcdrcpiak.id:80/api/jabatan/edit/2')
 4 APPPATH/Controllers/Cms/BaseAdminController.php(79): CodeIgniter\HTTP\CURLRequest->request('GET', 'http://api-e-smades.dcdrcpiak.id:80/api/jabatan/edit/2', [...])
 5 APPPATH/Controllers/Cms/JabatanController.php(84): App\Controllers\Cms\BaseAdminController->request([...])
 6 SYSTEMPATH/CodeIgniter.php(941): App\Controllers\Cms\JabatanController->edit('2')
 7 SYSTEMPATH/CodeIgniter.php(502): CodeIgniter\CodeIgniter->runController(Object(App\Controllers\Cms\JabatanController))
 8 SYSTEMPATH/CodeIgniter.php(361): CodeIgniter\CodeIgniter->handleRequest(null, Object(Config\Cache), false)
 9 FCPATH/index.php(79): CodeIgniter\CodeIgniter->run()
INFO - 2024-02-23 02:16:35 --> Session: Class initialized using 'CodeIgniter\Session\Handlers\FileHandler' driver.
INFO - 2024-02-23 02:16:36 --> Session: Class initialized using 'CodeIgniter\Session\Handlers\FileHandler' driver.
INFO - 2024-02-23 02:16:37 --> Session: Class initialized using 'CodeIgniter\Session\Handlers\FileHandler' driver.
INFO - 2024-02-23 02:16:39 --> Session: Class initialized using 'CodeIgniter\Session\Handlers\FileHandler' driver.
CRITICAL - 2024-02-23 02:16:39 --> CodeIgniter\HTTP\Exceptions\HTTPException: 22 : The requested URL returned error: 404
in SYSTEMPATH/HTTP/CURLRequest.php on line 695.
 1 SYSTEMPATH/HTTP/CURLRequest.php(695): CodeIgniter\HTTP\Exceptions\HTTPException::forCurlError('22', 'The requested URL returned error: 404')
 2 SYSTEMPATH/HTTP/CURLRequest.php(387): CodeIgniter\HTTP\CURLRequest->sendRequest([...])
 3 SYSTEMPATH/HTTP/CURLRequest.php(145): CodeIgniter\HTTP\CURLRequest->send('GET', 'http://api-e-smades.dcdrcpiak.id:80/api/agama')
 4 APPPATH/Controllers/Cms/BaseAdminController.php(79): CodeIgniter\HTTP\CURLRequest->request('GET', 'http://api-e-smades.dcdrcpiak.id:80/api/agama', [...])
 5 APPPATH/Controllers/Cms/AgamaController.php(28): App\Controllers\Cms\BaseAdminController->request([...])
 6 SYSTEMPATH/CodeIgniter.php(941): App\Controllers\Cms\AgamaController->index()
 7 SYSTEMPATH/CodeIgniter.php(502): CodeIgniter\CodeIgniter->runController(Object(App\Controllers\Cms\AgamaController))
 8 SYSTEMPATH/CodeIgniter.php(361): CodeIgniter\CodeIgniter->handleRequest(null, Object(Config\Cache), false)
 9 FCPATH/index.php(79): CodeIgniter\CodeIgniter->run()
INFO - 2024-02-23 02:16:44 --> Session: Class initialized using 'CodeIgniter\Session\Handlers\FileHandler' driver.
INFO - 2024-02-23 02:16:45 --> Session: Class initialized using 'CodeIgniter\Session\Handlers\FileHandler' driver.
INFO - 2024-02-23 02:16:49 --> Session: Class initialized using 'CodeIgniter\Session\Handlers\FileHandler' driver.
INFO - 2024-02-23 02:16:52 --> Session: Class initialized using 'CodeIgniter\Session\Handlers\FileHandler' driver.
INFO - 2024-02-23 02:16:56 --> Session: Class initialized using 'CodeIgniter\Session\Handlers\FileHandler' driver.
INFO - 2024-02-23 02:17:00 --> Session: Class initialized using 'CodeIgniter\Session\Handlers\FileHandler' driver.
INFO - 2024-02-23 02:17:54 --> Session: Class initialized using 'CodeIgniter\Session\Handlers\FileHandler' driver.
INFO - 2024-02-23 02:17:56 --> Session: Class initialized using 'CodeIgniter\Session\Handlers\FileHandler' driver.
INFO - 2024-02-23 02:17:57 --> Session: Class initialized using 'CodeIgniter\Session\Handlers\FileHandler' driver.
INFO - 2024-02-23 02:18:07 --> Session: Class initialized using 'CodeIgniter\Session\Handlers\FileHandler' driver.
INFO - 2024-02-23 02:18:16 --> Session: Class initialized using 'CodeIgniter\Session\Handlers\FileHandler' driver.
INFO - 2024-02-23 02:18:28 --> Session: Class initialized using 'CodeIgniter\Session\Handlers\FileHandler' driver.
CRITICAL - 2024-02-23 02:18:28 --> ErrorException: Illegal string offset 'nama'
in APPPATH/Controllers/Cms/JabatanController.php on line 85.
 1 APPPATH/Controllers/Cms/JabatanController.php(85): CodeIgniter\Debug\Exceptions->errorHandler(2, 'Illegal string offset \'nama\'', '/home/dcdrcpia/e-smades.dcdrcpiak.id/src/app/Controllers/Cms/JabatanController.php', 85, [...])
 2 SYSTEMPATH/CodeIgniter.php(941): App\Controllers\Cms\JabatanController->edit('1')
 3 SYSTEMPATH/CodeIgniter.php(502): CodeIgniter\CodeIgniter->runController(Object(App\Controllers\Cms\JabatanController))
 4 SYSTEMPATH/CodeIgniter.php(361): CodeIgniter\CodeIgniter->handleRequest(null, Object(Config\Cache), false)
 5 FCPATH/index.php(79): CodeIgniter\CodeIgniter->run()
INFO - 2024-02-23 02:18:40 --> Session: Class initialized using 'CodeIgniter\Session\Handlers\FileHandler' driver.
CRITICAL - 2024-02-23 02:18:40 --> ErrorException: Array to string conversion
in APPPATH/Controllers/Cms/JabatanController.php on line 85.
 1 APPPATH/Controllers/Cms/JabatanController.php(85): CodeIgniter\Debug\Exceptions->errorHandler(8, 'Array to string conversion', '/home/dcdrcpia/e-smades.dcdrcpiak.id/src/app/Controllers/Cms/JabatanController.php', 85, [...])
 2 SYSTEMPATH/CodeIgniter.php(941): App\Controllers\Cms\JabatanController->edit('1')
 3 SYSTEMPATH/CodeIgniter.php(502): CodeIgniter\CodeIgniter->runController(Object(App\Controllers\Cms\JabatanController))
 4 SYSTEMPATH/CodeIgniter.php(361): CodeIgniter\CodeIgniter->handleRequest(null, Object(Config\Cache), false)
 5 FCPATH/index.php(79): CodeIgniter\CodeIgniter->run()
INFO - 2024-02-23 02:18:45 --> Session: Class initialized using 'CodeIgniter\Session\Handlers\FileHandler' driver.
INFO - 2024-02-23 02:19:02 --> Session: Class initialized using 'CodeIgniter\Session\Handlers\FileHandler' driver.
INFO - 2024-02-23 02:19:15 --> Session: Class initialized using 'CodeIgniter\Session\Handlers\FileHandler' driver.
INFO - 2024-02-23 02:19:27 --> Session: Class initialized using 'CodeIgniter\Session\Handlers\FileHandler' driver.
INFO - 2024-02-23 02:19:32 --> Session: Class initialized using 'CodeIgniter\Session\Handlers\FileHandler' driver.
INFO - 2024-02-23 02:19:42 --> Session: Class initialized using 'CodeIgniter\Session\Handlers\FileHandler' driver.
INFO - 2024-02-23 02:20:06 --> Session: Class initialized using 'CodeIgniter\Session\Handlers\FileHandler' driver.
INFO - 2024-02-23 02:20:15 --> Session: Class initialized using 'CodeIgniter\Session\Handlers\FileHandler' driver.
INFO - 2024-02-23 02:20:21 --> Session: Class initialized using 'CodeIgniter\Session\Handlers\FileHandler' driver.
INFO - 2024-02-23 02:20:21 --> Session: Class initialized using 'CodeIgniter\Session\Handlers\FileHandler' driver.
INFO - 2024-02-23 02:21:33 --> Session: Class initialized using 'CodeIgniter\Session\Handlers\FileHandler' driver.
INFO - 2024-02-23 02:22:15 --> Session: Class initialized using 'CodeIgniter\Session\Handlers\FileHandler' driver.
INFO - 2024-02-23 02:32:19 --> Session: Class initialized using 'CodeIgniter\Session\Handlers\FileHandler' driver.
INFO - 2024-02-23 02:32:31 --> Session: Class initialized using 'CodeIgniter\Session\Handlers\FileHandler' driver.
CRITICAL - 2024-02-23 02:32:31 --> CodeIgniter\HTTP\Exceptions\HTTPException: 22 : The requested URL returned error: 404
in SYSTEMPATH/HTTP/CURLRequest.php on line 695.
 1 SYSTEMPATH/HTTP/CURLRequest.php(695): CodeIgniter\HTTP\Exceptions\HTTPException::forCurlError('22', 'The requested URL returned error: 404')
 2 SYSTEMPATH/HTTP/CURLRequest.php(387): CodeIgniter\HTTP\CURLRequest->sendRequest([...])
 3 SYSTEMPATH/HTTP/CURLRequest.php(145): CodeIgniter\HTTP\CURLRequest->send('GET', 'http://api-e-smades.dcdrcpiak.id:80/api/agama')
 4 APPPATH/Controllers/Cms/BaseAdminController.php(79): CodeIgniter\HTTP\CURLRequest->request('GET', 'http://api-e-smades.dcdrcpiak.id:80/api/agama', [...])
 5 APPPATH/Controllers/Cms/AgamaController.php(28): App\Controllers\Cms\BaseAdminController->request([...])
 6 SYSTEMPATH/CodeIgniter.php(941): App\Controllers\Cms\AgamaController->index()
 7 SYSTEMPATH/CodeIgniter.php(502): CodeIgniter\CodeIgniter->runController(Object(App\Controllers\Cms\AgamaController))
 8 SYSTEMPATH/CodeIgniter.php(361): CodeIgniter\CodeIgniter->handleRequest(null, Object(Config\Cache), false)
 9 FCPATH/index.php(79): CodeIgniter\CodeIgniter->run()
INFO - 2024-02-23 02:33:31 --> Session: Class initialized using 'CodeIgniter\Session\Handlers\FileHandler' driver.
INFO - 2024-02-23 02:33:32 --> Session: Class initialized using 'CodeIgniter\Session\Handlers\FileHandler' driver.
INFO - 2024-02-23 02:46:21 --> Session: Class initialized using 'CodeIgniter\Session\Handlers\FileHandler' driver.
INFO - 2024-02-23 02:46:22 --> Session: Class initialized using 'CodeIgniter\Session\Handlers\FileHandler' driver.
CRITICAL - 2024-02-23 02:46:22 --> CodeIgniter\HTTP\Exceptions\HTTPException: 22 : The requested URL returned error: 500
in SYSTEMPATH/HTTP/CURLRequest.php on line 695.
 1 SYSTEMPATH/HTTP/CURLRequest.php(695): CodeIgniter\HTTP\Exceptions\HTTPException::forCurlError('22', 'The requested URL returned error: 500')
 2 SYSTEMPATH/HTTP/CURLRequest.php(387): CodeIgniter\HTTP\CURLRequest->sendRequest([...])
 3 SYSTEMPATH/HTTP/CURLRequest.php(145): CodeIgniter\HTTP\CURLRequest->send('GET', 'http://api-e-smades.dcdrcpiak.id:80/api/agama')
 4 APPPATH/Controllers/Cms/BaseAdminController.php(79): CodeIgniter\HTTP\CURLRequest->request('GET', 'http://api-e-smades.dcdrcpiak.id:80/api/agama', [...])
 5 APPPATH/Controllers/Cms/AgamaController.php(28): App\Controllers\Cms\BaseAdminController->request([...])
 6 SYSTEMPATH/CodeIgniter.php(941): App\Controllers\Cms\AgamaController->index()
 7 SYSTEMPATH/CodeIgniter.php(502): CodeIgniter\CodeIgniter->runController(Object(App\Controllers\Cms\AgamaController))
 8 SYSTEMPATH/CodeIgniter.php(361): CodeIgniter\CodeIgniter->handleRequest(null, Object(Config\Cache), false)
 9 FCPATH/index.php(79): CodeIgniter\CodeIgniter->run()
INFO - 2024-02-23 02:46:24 --> Session: Class initialized using 'CodeIgniter\Session\Handlers\FileHandler' driver.
CRITICAL - 2024-02-23 02:46:24 --> CodeIgniter\HTTP\Exceptions\HTTPException: 22 : The requested URL returned error: 500
in SYSTEMPATH/HTTP/CURLRequest.php on line 695.
 1 SYSTEMPATH/HTTP/CURLRequest.php(695): CodeIgniter\HTTP\Exceptions\HTTPException::forCurlError('22', 'The requested URL returned error: 500')
 2 SYSTEMPATH/HTTP/CURLRequest.php(387): CodeIgniter\HTTP\CURLRequest->sendRequest([...])
 3 SYSTEMPATH/HTTP/CURLRequest.php(145): CodeIgniter\HTTP\CURLRequest->send('GET', 'http://api-e-smades.dcdrcpiak.id:80/api/agama')
 4 APPPATH/Controllers/Cms/BaseAdminController.php(79): CodeIgniter\HTTP\CURLRequest->request('GET', 'http://api-e-smades.dcdrcpiak.id:80/api/agama', [...])
 5 APPPATH/Controllers/Cms/AgamaController.php(28): App\Controllers\Cms\BaseAdminController->request([...])
 6 SYSTEMPATH/CodeIgniter.php(941): App\Controllers\Cms\AgamaController->index()
 7 SYSTEMPATH/CodeIgniter.php(502): CodeIgniter\CodeIgniter->runController(Object(App\Controllers\Cms\AgamaController))
 8 SYSTEMPATH/CodeIgniter.php(361): CodeIgniter\CodeIgniter->handleRequest(null, Object(Config\Cache), false)
 9 FCPATH/index.php(79): CodeIgniter\CodeIgniter->run()
INFO - 2024-02-23 02:46:25 --> Session: Class initialized using 'CodeIgniter\Session\Handlers\FileHandler' driver.
CRITICAL - 2024-02-23 02:46:25 --> CodeIgniter\HTTP\Exceptions\HTTPException: 22 : The requested URL returned error: 500
in SYSTEMPATH/HTTP/CURLRequest.php on line 695.
 1 SYSTEMPATH/HTTP/CURLRequest.php(695): CodeIgniter\HTTP\Exceptions\HTTPException::forCurlError('22', 'The requested URL returned error: 500')
 2 SYSTEMPATH/HTTP/CURLRequest.php(387): CodeIgniter\HTTP\CURLRequest->sendRequest([...])
 3 SYSTEMPATH/HTTP/CURLRequest.php(145): CodeIgniter\HTTP\CURLRequest->send('GET', 'http://api-e-smades.dcdrcpiak.id:80/api/agama')
 4 APPPATH/Controllers/Cms/BaseAdminController.php(79): CodeIgniter\HTTP\CURLRequest->request('GET', 'http://api-e-smades.dcdrcpiak.id:80/api/agama', [...])
 5 APPPATH/Controllers/Cms/AgamaController.php(28): App\Controllers\Cms\BaseAdminController->request([...])
 6 SYSTEMPATH/CodeIgniter.php(941): App\Controllers\Cms\AgamaController->index()
 7 SYSTEMPATH/CodeIgniter.php(502): CodeIgniter\CodeIgniter->runController(Object(App\Controllers\Cms\AgamaController))
 8 SYSTEMPATH/CodeIgniter.php(361): CodeIgniter\CodeIgniter->handleRequest(null, Object(Config\Cache), false)
 9 FCPATH/index.php(79): CodeIgniter\CodeIgniter->run()
INFO - 2024-02-23 02:49:59 --> Session: Class initialized using 'CodeIgniter\Session\Handlers\FileHandler' driver.
INFO - 2024-02-23 02:53:59 --> Session: Class initialized using 'CodeIgniter\Session\Handlers\FileHandler' driver.
INFO - 2024-02-23 02:53:59 --> Session: Class initialized using 'CodeIgniter\Session\Handlers\FileHandler' driver.
INFO - 2024-02-23 02:54:07 --> Session: Class initialized using 'CodeIgniter\Session\Handlers\FileHandler' driver.
INFO - 2024-02-23 02:54:45 --> Session: Class initialized using 'CodeIgniter\Session\Handlers\FileHandler' driver.
INFO - 2024-02-23 02:54:49 --> Session: Class initialized using 'CodeIgniter\Session\Handlers\FileHandler' driver.
INFO - 2024-02-23 02:58:44 --> Session: Class initialized using 'CodeIgniter\Session\Handlers\FileHandler' driver.
INFO - 2024-02-23 03:03:35 --> Session: Class initialized using 'CodeIgniter\Session\Handlers\FileHandler' driver.
INFO - 2024-02-23 03:03:39 --> Session: Class initialized using 'CodeIgniter\Session\Handlers\FileHandler' driver.
INFO - 2024-02-23 03:03:40 --> Session: Class initialized using 'CodeIgniter\Session\Handlers\FileHandler' driver.
INFO - 2024-02-23 03:57:55 --> Session: Class initialized using 'CodeIgniter\Session\Handlers\FileHandler' driver.
INFO - 2024-02-23 03:58:02 --> Session: Class initialized using 'CodeIgniter\Session\Handlers\FileHandler' driver.
INFO - 2024-02-23 04:08:50 --> Session: Class initialized using 'CodeIgniter\Session\Handlers\FileHandler' driver.
INFO - 2024-02-23 05:34:48 --> Session: Class initialized using 'CodeIgniter\Session\Handlers\FileHandler' driver.
CRITICAL - 2024-02-23 05:34:49 --> CodeIgniter\HTTP\Exceptions\HTTPException: 22 : The requested URL returned error: 401
in SYSTEMPATH/HTTP/CURLRequest.php on line 695.
 1 SYSTEMPATH/HTTP/CURLRequest.php(695): CodeIgniter\HTTP\Exceptions\HTTPException::forCurlError('22', 'The requested URL returned error: 401')
 2 SYSTEMPATH/HTTP/CURLRequest.php(387): CodeIgniter\HTTP\CURLRequest->sendRequest([...])
 3 SYSTEMPATH/HTTP/CURLRequest.php(145): CodeIgniter\HTTP\CURLRequest->send('GET', 'http://api-e-smades.dcdrcpiak.id:80/api/agama')
 4 APPPATH/Controllers/Cms/BaseAdminController.php(79): CodeIgniter\HTTP\CURLRequest->request('GET', 'http://api-e-smades.dcdrcpiak.id:80/api/agama', [...])
 5 APPPATH/Controllers/Cms/AgamaController.php(28): App\Controllers\Cms\BaseAdminController->request([...])
 6 SYSTEMPATH/CodeIgniter.php(941): App\Controllers\Cms\AgamaController->index()
 7 SYSTEMPATH/CodeIgniter.php(502): CodeIgniter\CodeIgniter->runController(Object(App\Controllers\Cms\AgamaController))
 8 SYSTEMPATH/CodeIgniter.php(361): CodeIgniter\CodeIgniter->handleRequest(null, Object(Config\Cache), false)
 9 FCPATH/index.php(79): CodeIgniter\CodeIgniter->run()
INFO - 2024-02-23 06:04:41 --> Session: Class initialized using 'CodeIgniter\Session\Handlers\FileHandler' driver.
CRITICAL - 2024-02-23 06:04:41 --> CodeIgniter\HTTP\Exceptions\HTTPException: 22 : The requested URL returned error: 401
in SYSTEMPATH/HTTP/CURLRequest.php on line 695.
 1 SYSTEMPATH/HTTP/CURLRequest.php(695): CodeIgniter\HTTP\Exceptions\HTTPException::forCurlError('22', 'The requested URL returned error: 401')
 2 SYSTEMPATH/HTTP/CURLRequest.php(387): CodeIgniter\HTTP\CURLRequest->sendRequest([...])
 3 SYSTEMPATH/HTTP/CURLRequest.php(145): CodeIgniter\HTTP\CURLRequest->send('GET', 'http://api-e-smades.dcdrcpiak.id:80/api/agama')
 4 APPPATH/Controllers/Cms/BaseAdminController.php(79): CodeIgniter\HTTP\CURLRequest->request('GET', 'http://api-e-smades.dcdrcpiak.id:80/api/agama', [...])
 5 APPPATH/Controllers/Cms/AgamaController.php(28): App\Controllers\Cms\BaseAdminController->request([...])
 6 SYSTEMPATH/CodeIgniter.php(941): App\Controllers\Cms\AgamaController->index()
 7 SYSTEMPATH/CodeIgniter.php(502): CodeIgniter\CodeIgniter->runController(Object(App\Controllers\Cms\AgamaController))
 8 SYSTEMPATH/CodeIgniter.php(361): CodeIgniter\CodeIgniter->handleRequest(null, Object(Config\Cache), false)
 9 FCPATH/index.php(79): CodeIgniter\CodeIgniter->run()
INFO - 2024-02-23 06:07:31 --> Session: Class initialized using 'CodeIgniter\Session\Handlers\FileHandler' driver.
CRITICAL - 2024-02-23 06:07:31 --> CodeIgniter\HTTP\Exceptions\HTTPException: 22 : The requested URL returned error: 401
in SYSTEMPATH/HTTP/CURLRequest.php on line 695.
 1 SYSTEMPATH/HTTP/CURLRequest.php(695): CodeIgniter\HTTP\Exceptions\HTTPException::forCurlError('22', 'The requested URL returned error: 401')
 2 SYSTEMPATH/HTTP/CURLRequest.php(387): CodeIgniter\HTTP\CURLRequest->sendRequest([...])
 3 SYSTEMPATH/HTTP/CURLRequest.php(145): CodeIgniter\HTTP\CURLRequest->send('GET', 'http://api-e-smades.dcdrcpiak.id:80/api/agama')
 4 APPPATH/Controllers/Cms/BaseAdminController.php(79): CodeIgniter\HTTP\CURLRequest->request('GET', 'http://api-e-smades.dcdrcpiak.id:80/api/agama', [...])
 5 APPPATH/Controllers/Cms/AgamaController.php(28): App\Controllers\Cms\BaseAdminController->request([...])
 6 SYSTEMPATH/CodeIgniter.php(941): App\Controllers\Cms\AgamaController->index()
 7 SYSTEMPATH/CodeIgniter.php(502): CodeIgniter\CodeIgniter->runController(Object(App\Controllers\Cms\AgamaController))
 8 SYSTEMPATH/CodeIgniter.php(361): CodeIgniter\CodeIgniter->handleRequest(null, Object(Config\Cache), false)
 9 FCPATH/index.php(79): CodeIgniter\CodeIgniter->run()
INFO - 2024-02-23 06:07:40 --> Session: Class initialized using 'CodeIgniter\Session\Handlers\FileHandler' driver.
INFO - 2024-02-23 06:07:45 --> Session: Class initialized using 'CodeIgniter\Session\Handlers\FileHandler' driver.
INFO - 2024-02-23 06:07:48 --> Session: Class initialized using 'CodeIgniter\Session\Handlers\FileHandler' driver.
INFO - 2024-02-23 06:07:58 --> Session: Class initialized using 'CodeIgniter\Session\Handlers\FileHandler' driver.
INFO - 2024-02-23 06:09:00 --> Session: Class initialized using 'CodeIgniter\Session\Handlers\FileHandler' driver.
INFO - 2024-02-23 06:09:12 --> Session: Class initialized using 'CodeIgniter\Session\Handlers\FileHandler' driver.
INFO - 2024-02-23 06:09:16 --> Session: Class initialized using 'CodeIgniter\Session\Handlers\FileHandler' driver.
INFO - 2024-02-23 06:10:07 --> Session: Class initialized using 'CodeIgniter\Session\Handlers\FileHandler' driver.
INFO - 2024-02-23 06:10:09 --> Session: Class initialized using 'CodeIgniter\Session\Handlers\FileHandler' driver.
INFO - 2024-02-23 06:10:15 --> Session: Class initialized using 'CodeIgniter\Session\Handlers\FileHandler' driver.
INFO - 2024-02-23 06:10:50 --> Session: Class initialized using 'CodeIgniter\Session\Handlers\FileHandler' driver.
INFO - 2024-02-23 06:10:54 --> Session: Class initialized using 'CodeIgniter\Session\Handlers\FileHandler' driver.
INFO - 2024-02-23 06:10:59 --> Session: Class initialized using 'CodeIgniter\Session\Handlers\FileHandler' driver.
INFO - 2024-02-23 06:11:03 --> Session: Class initialized using 'CodeIgniter\Session\Handlers\FileHandler' driver.
INFO - 2024-02-23 06:11:07 --> Session: Class initialized using 'CodeIgniter\Session\Handlers\FileHandler' driver.
INFO - 2024-02-23 06:11:07 --> Session: Class initialized using 'CodeIgniter\Session\Handlers\FileHandler' driver.
INFO - 2024-02-23 06:11:10 --> Session: Class initialized using 'CodeIgniter\Session\Handlers\FileHandler' driver.
INFO - 2024-02-23 06:11:19 --> Session: Class initialized using 'CodeIgniter\Session\Handlers\FileHandler' driver.
INFO - 2024-02-23 06:11:24 --> Session: Class initialized using 'CodeIgniter\Session\Handlers\FileHandler' driver.
INFO - 2024-02-23 06:11:27 --> Session: Class initialized using 'CodeIgniter\Session\Handlers\FileHandler' driver.
INFO - 2024-02-23 06:11:32 --> Session: Class initialized using 'CodeIgniter\Session\Handlers\FileHandler' driver.
INFO - 2024-02-23 06:11:32 --> Session: Class initialized using 'CodeIgniter\Session\Handlers\FileHandler' driver.
INFO - 2024-02-23 06:11:35 --> Session: Class initialized using 'CodeIgniter\Session\Handlers\FileHandler' driver.
INFO - 2024-02-23 06:11:40 --> Session: Class initialized using 'CodeIgniter\Session\Handlers\FileHandler' driver.
INFO - 2024-02-23 06:11:42 --> Session: Class initialized using 'CodeIgniter\Session\Handlers\FileHandler' driver.
INFO - 2024-02-23 06:11:43 --> Session: Class initialized using 'CodeIgniter\Session\Handlers\FileHandler' driver.
INFO - 2024-02-23 06:11:52 --> Session: Class initialized using 'CodeIgniter\Session\Handlers\FileHandler' driver.
INFO - 2024-02-23 06:11:56 --> Session: Class initialized using 'CodeIgniter\Session\Handlers\FileHandler' driver.
INFO - 2024-02-23 06:12:07 --> Session: Class initialized using 'CodeIgniter\Session\Handlers\FileHandler' driver.
INFO - 2024-02-23 06:12:08 --> Session: Class initialized using 'CodeIgniter\Session\Handlers\FileHandler' driver.
INFO - 2024-02-23 06:14:10 --> Session: Class initialized using 'CodeIgniter\Session\Handlers\FileHandler' driver.
INFO - 2024-02-23 06:14:15 --> Session: Class initialized using 'CodeIgniter\Session\Handlers\FileHandler' driver.
INFO - 2024-02-23 06:14:16 --> Session: Class initialized using 'CodeIgniter\Session\Handlers\FileHandler' driver.
INFO - 2024-02-23 06:14:19 --> Session: Class initialized using 'CodeIgniter\Session\Handlers\FileHandler' driver.
INFO - 2024-02-23 06:14:21 --> Session: Class initialized using 'CodeIgniter\Session\Handlers\FileHandler' driver.
INFO - 2024-02-23 06:14:23 --> Session: Class initialized using 'CodeIgniter\Session\Handlers\FileHandler' driver.
INFO - 2024-02-23 06:17:55 --> Session: Class initialized using 'CodeIgniter\Session\Handlers\FileHandler' driver.
INFO - 2024-02-23 06:25:00 --> Session: Class initialized using 'CodeIgniter\Session\Handlers\FileHandler' driver.
CRITICAL - 2024-02-23 06:25:00 --> CodeIgniter\HTTP\Exceptions\HTTPException: 22 : The requested URL returned error: 500
in SYSTEMPATH/HTTP/CURLRequest.php on line 695.
 1 SYSTEMPATH/HTTP/CURLRequest.php(695): CodeIgniter\HTTP\Exceptions\HTTPException::forCurlError('22', 'The requested URL returned error: 500')
 2 SYSTEMPATH/HTTP/CURLRequest.php(387): CodeIgniter\HTTP\CURLRequest->sendRequest([...])
 3 SYSTEMPATH/HTTP/CURLRequest.php(145): CodeIgniter\HTTP\CURLRequest->send('GET', 'http://api-e-smades.dcdrcpiak.id:80/api/jenis_pekerjaan')
 4 APPPATH/Controllers/Cms/BaseAdminController.php(79): CodeIgniter\HTTP\CURLRequest->request('GET', 'http://api-e-smades.dcdrcpiak.id:80/api/jenis_pekerjaan', [...])
 5 APPPATH/Controllers/Cms/JenisPekerjaanController.php(30): App\Controllers\Cms\BaseAdminController->request([...])
 6 SYSTEMPATH/CodeIgniter.php(941): App\Controllers\Cms\JenisPekerjaanController->index()
 7 SYSTEMPATH/CodeIgniter.php(502): CodeIgniter\CodeIgniter->runController(Object(App\Controllers\Cms\JenisPekerjaanController))
 8 SYSTEMPATH/CodeIgniter.php(361): CodeIgniter\CodeIgniter->handleRequest(null, Object(Config\Cache), false)
 9 FCPATH/index.php(79): CodeIgniter\CodeIgniter->run()
INFO - 2024-02-23 06:25:02 --> Session: Class initialized using 'CodeIgniter\Session\Handlers\FileHandler' driver.
CRITICAL - 2024-02-23 06:25:02 --> CodeIgniter\HTTP\Exceptions\HTTPException: 22 : The requested URL returned error: 500
in SYSTEMPATH/HTTP/CURLRequest.php on line 695.
 1 SYSTEMPATH/HTTP/CURLRequest.php(695): CodeIgniter\HTTP\Exceptions\HTTPException::forCurlError('22', 'The requested URL returned error: 500')
 2 SYSTEMPATH/HTTP/CURLRequest.php(387): CodeIgniter\HTTP\CURLRequest->sendRequest([...])
 3 SYSTEMPATH/HTTP/CURLRequest.php(145): CodeIgniter\HTTP\CURLRequest->send('GET', 'http://api-e-smades.dcdrcpiak.id:80/api/jenis_pekerjaan')
 4 APPPATH/Controllers/Cms/BaseAdminController.php(79): CodeIgniter\HTTP\CURLRequest->request('GET', 'http://api-e-smades.dcdrcpiak.id:80/api/jenis_pekerjaan', [...])
 5 APPPATH/Controllers/Cms/JenisPekerjaanController.php(30): App\Controllers\Cms\BaseAdminController->request([...])
 6 SYSTEMPATH/CodeIgniter.php(941): App\Controllers\Cms\JenisPekerjaanController->index()
 7 SYSTEMPATH/CodeIgniter.php(502): CodeIgniter\CodeIgniter->runController(Object(App\Controllers\Cms\JenisPekerjaanController))
 8 SYSTEMPATH/CodeIgniter.php(361): CodeIgniter\CodeIgniter->handleRequest(null, Object(Config\Cache), false)
 9 FCPATH/index.php(79): CodeIgniter\CodeIgniter->run()
INFO - 2024-02-23 06:25:02 --> Session: Class initialized using 'CodeIgniter\Session\Handlers\FileHandler' driver.
CRITICAL - 2024-02-23 06:25:02 --> CodeIgniter\HTTP\Exceptions\HTTPException: 22 : The requested URL returned error: 500
in SYSTEMPATH/HTTP/CURLRequest.php on line 695.
 1 SYSTEMPATH/HTTP/CURLRequest.php(695): CodeIgniter\HTTP\Exceptions\HTTPException::forCurlError('22', 'The requested URL returned error: 500')
 2 SYSTEMPATH/HTTP/CURLRequest.php(387): CodeIgniter\HTTP\CURLRequest->sendRequest([...])
 3 SYSTEMPATH/HTTP/CURLRequest.php(145): CodeIgniter\HTTP\CURLRequest->send('GET', 'http://api-e-smades.dcdrcpiak.id:80/api/jenis_pekerjaan')
 4 APPPATH/Controllers/Cms/BaseAdminController.php(79): CodeIgniter\HTTP\CURLRequest->request('GET', 'http://api-e-smades.dcdrcpiak.id:80/api/jenis_pekerjaan', [...])
 5 APPPATH/Controllers/Cms/JenisPekerjaanController.php(30): App\Controllers\Cms\BaseAdminController->request([...])
 6 SYSTEMPATH/CodeIgniter.php(941): App\Controllers\Cms\JenisPekerjaanController->index()
 7 SYSTEMPATH/CodeIgniter.php(502): CodeIgniter\CodeIgniter->runController(Object(App\Controllers\Cms\JenisPekerjaanController))
 8 SYSTEMPATH/CodeIgniter.php(361): CodeIgniter\CodeIgniter->handleRequest(null, Object(Config\Cache), false)
 9 FCPATH/index.php(79): CodeIgniter\CodeIgniter->run()
INFO - 2024-02-23 06:25:11 --> Session: Class initialized using 'CodeIgniter\Session\Handlers\FileHandler' driver.
INFO - 2024-02-23 06:25:17 --> Session: Class initialized using 'CodeIgniter\Session\Handlers\FileHandler' driver.
CRITICAL - 2024-02-23 06:25:17 --> CodeIgniter\HTTP\Exceptions\HTTPException: 22 : The requested URL returned error: 500
in SYSTEMPATH/HTTP/CURLRequest.php on line 695.
 1 SYSTEMPATH/HTTP/CURLRequest.php(695): CodeIgniter\HTTP\Exceptions\HTTPException::forCurlError('22', 'The requested URL returned error: 500')
 2 SYSTEMPATH/HTTP/CURLRequest.php(387): CodeIgniter\HTTP\CURLRequest->sendRequest([...])
 3 SYSTEMPATH/HTTP/CURLRequest.php(145): CodeIgniter\HTTP\CURLRequest->send('GET', 'http://api-e-smades.dcdrcpiak.id:80/api/jenis_pekerjaan')
 4 APPPATH/Controllers/Cms/BaseAdminController.php(79): CodeIgniter\HTTP\CURLRequest->request('GET', 'http://api-e-smades.dcdrcpiak.id:80/api/jenis_pekerjaan', [...])
 5 APPPATH/Controllers/Cms/JenisPekerjaanController.php(30): App\Controllers\Cms\BaseAdminController->request([...])
 6 SYSTEMPATH/CodeIgniter.php(941): App\Controllers\Cms\JenisPekerjaanController->index()
 7 SYSTEMPATH/CodeIgniter.php(502): CodeIgniter\CodeIgniter->runController(Object(App\Controllers\Cms\JenisPekerjaanController))
 8 SYSTEMPATH/CodeIgniter.php(361): CodeIgniter\CodeIgniter->handleRequest(null, Object(Config\Cache), false)
 9 FCPATH/index.php(79): CodeIgniter\CodeIgniter->run()
INFO - 2024-02-23 06:33:39 --> Session: Class initialized using 'CodeIgniter\Session\Handlers\FileHandler' driver.
INFO - 2024-02-23 07:47:10 --> Session: Class initialized using 'CodeIgniter\Session\Handlers\FileHandler' driver.
INFO - 2024-02-23 07:47:20 --> Session: Class initialized using 'CodeIgniter\Session\Handlers\FileHandler' driver.
INFO - 2024-02-23 07:47:41 --> Session: Class initialized using 'CodeIgniter\Session\Handlers\FileHandler' driver.
