CRITICAL - 2024-01-22 01:20:33 --> CodeIgniter\View\Exceptions\ViewException: Invalid file: "templates/mai.php"
in SYSTEMPATH\Exceptions\FrameworkException.php on line 39.
 1 SYSTEMPATH\View\View.php(216): CodeIgniter\Exceptions\FrameworkException::forInvalidFile('templates/mai.php')
 2 SYSTEMPATH\Common.php(1178): CodeIgniter\View\View->render('templates/mai', [], true)
 3 APPPATH\Controllers\Cms\BaseAdminController.php(62): view('templates/mai', [...])
 4 APPPATH\Controllers\Cms\Auth\SigninController.php(16): App\Controllers\Cms\BaseAdminController->render([...])
 5 SYSTEMPATH\CodeIgniter.php(941): App\Controllers\Cms\Auth\SigninController->index()
 6 SYSTEMPATH\CodeIgniter.php(502): CodeIgniter\CodeIgniter->runController(Object(App\Controllers\Cms\Auth\SigninController))
 7 SYSTEMPATH\CodeIgniter.php(361): CodeIgniter\CodeIgniter->handleRequest(null, Object(Config\Cache), false)
 8 FCPATH\index.php(79): CodeIgniter\CodeIgniter->run()
 9 SYSTEMPATH\Commands\Server\rewrite.php(47): require_once('C:\\xampp\\htdocs\\ci4\\e-smades\\public\\index.php')
ERROR - 2024-01-22 02:13:49 --> Error connecting to the database: mysqli_sql_exception: Access denied for user ''@'localhost' (using password: NO) in C:\xampp\htdocs\ci4\e-smades\vendor\codeigniter4\framework\system\Database\MySQLi\Connection.php:185
Stack trace:
#0 C:\xampp\htdocs\ci4\e-smades\vendor\codeigniter4\framework\system\Database\MySQLi\Connection.php(185): mysqli->real_connect('localhost', '', '', '', 3306, '', 0)
#1 C:\xampp\htdocs\ci4\e-smades\vendor\codeigniter4\framework\system\Database\BaseConnection.php(392): CodeIgniter\Database\MySQLi\Connection->connect(false)
#2 C:\xampp\htdocs\ci4\e-smades\vendor\codeigniter4\framework\system\Database\BaseConnection.php(575): CodeIgniter\Database\BaseConnection->initialize()
#3 C:\xampp\htdocs\ci4\e-smades\vendor\codeigniter4\framework\system\Database\BaseBuilder.php(1613): CodeIgniter\Database\BaseConnection->query('SELECT *\nFROM `...', Array, false)
#4 C:\xampp\htdocs\ci4\e-smades\vendor\codeigniter4\framework\system\Model.php(270): CodeIgniter\Database\BaseBuilder->get()
#5 C:\xampp\htdocs\ci4\e-smades\vendor\codeigniter4\framework\system\BaseModel.php(676): CodeIgniter\Model->doFirst()
#6 C:\xampp\htdocs\ci4\e-smades\app\Models\Cms\UserModel.php(43): CodeIgniter\BaseModel->first()
#7 C:\xampp\htdocs\ci4\e-smades\app\Controllers\Cms\AuthController.php(42): App\Models\Cms\UserModel->getUserByEmail('asdf@gmail.com')
#8 C:\xampp\htdocs\ci4\e-smades\vendor\codeigniter4\framework\system\CodeIgniter.php(941): App\Controllers\Cms\AuthController->signInProcess()
#9 C:\xampp\htdocs\ci4\e-smades\vendor\codeigniter4\framework\system\CodeIgniter.php(502): CodeIgniter\CodeIgniter->runController(Object(App\Controllers\Cms\AuthController))
#10 C:\xampp\htdocs\ci4\e-smades\vendor\codeigniter4\framework\system\CodeIgniter.php(361): CodeIgniter\CodeIgniter->handleRequest(NULL, Object(Config\Cache), false)
#11 C:\xampp\htdocs\ci4\e-smades\public\index.php(79): CodeIgniter\CodeIgniter->run()
#12 C:\xampp\htdocs\ci4\e-smades\vendor\codeigniter4\framework\system\Commands\Server\rewrite.php(47): require_once('C:\\xampp\\htdocs...')
#13 {main}

Next CodeIgniter\Database\Exceptions\DatabaseException: Access denied for user ''@'localhost' (using password: NO) in C:\xampp\htdocs\ci4\e-smades\vendor\codeigniter4\framework\system\Database\MySQLi\Connection.php:229
Stack trace:
#0 C:\xampp\htdocs\ci4\e-smades\vendor\codeigniter4\framework\system\Database\BaseConnection.php(392): CodeIgniter\Database\MySQLi\Connection->connect(false)
#1 C:\xampp\htdocs\ci4\e-smades\vendor\codeigniter4\framework\system\Database\BaseConnection.php(575): CodeIgniter\Database\BaseConnection->initialize()
#2 C:\xampp\htdocs\ci4\e-smades\vendor\codeigniter4\framework\system\Database\BaseBuilder.php(1613): CodeIgniter\Database\BaseConnection->query('SELECT *\nFROM `...', Array, false)
#3 C:\xampp\htdocs\ci4\e-smades\vendor\codeigniter4\framework\system\Model.php(270): CodeIgniter\Database\BaseBuilder->get()
#4 C:\xampp\htdocs\ci4\e-smades\vendor\codeigniter4\framework\system\BaseModel.php(676): CodeIgniter\Model->doFirst()
#5 C:\xampp\htdocs\ci4\e-smades\app\Models\Cms\UserModel.php(43): CodeIgniter\BaseModel->first()
#6 C:\xampp\htdocs\ci4\e-smades\app\Controllers\Cms\AuthController.php(42): App\Models\Cms\UserModel->getUserByEmail('asdf@gmail.com')
#7 C:\xampp\htdocs\ci4\e-smades\vendor\codeigniter4\framework\system\CodeIgniter.php(941): App\Controllers\Cms\AuthController->signInProcess()
#8 C:\xampp\htdocs\ci4\e-smades\vendor\codeigniter4\framework\system\CodeIgniter.php(502): CodeIgniter\CodeIgniter->runController(Object(App\Controllers\Cms\AuthController))
#9 C:\xampp\htdocs\ci4\e-smades\vendor\codeigniter4\framework\system\CodeIgniter.php(361): CodeIgniter\CodeIgniter->handleRequest(NULL, Object(Config\Cache), false)
#10 C:\xampp\htdocs\ci4\e-smades\public\index.php(79): CodeIgniter\CodeIgniter->run()
#11 C:\xampp\htdocs\ci4\e-smades\vendor\codeigniter4\framework\system\Commands\Server\rewrite.php(47): require_once('C:\\xampp\\htdocs...')
#12 {main}
CRITICAL - 2024-01-22 02:13:49 --> CodeIgniter\Database\Exceptions\DatabaseException: Unable to connect to the database.
Main connection [MySQLi]: Access denied for user ''@'localhost' (using password: NO)
in SYSTEMPATH\Database\BaseConnection.php on line 428.
 1 SYSTEMPATH\Database\BaseConnection.php(575): CodeIgniter\Database\BaseConnection->initialize()
 2 SYSTEMPATH\Database\BaseBuilder.php(1613): CodeIgniter\Database\BaseConnection->query('SELECT *
FROM `user`
WHERE `email` = :email:
 LIMIT 1', [...], false)
 3 SYSTEMPATH\Model.php(270): CodeIgniter\Database\BaseBuilder->get()
 4 SYSTEMPATH\BaseModel.php(676): CodeIgniter\Model->doFirst()
 5 APPPATH\Models\Cms\UserModel.php(43): CodeIgniter\BaseModel->first()
 6 APPPATH\Controllers\Cms\AuthController.php(42): App\Models\Cms\UserModel->getUserByEmail('asdf@gmail.com')
 7 SYSTEMPATH\CodeIgniter.php(941): App\Controllers\Cms\AuthController->signInProcess()
 8 SYSTEMPATH\CodeIgniter.php(502): CodeIgniter\CodeIgniter->runController(Object(App\Controllers\Cms\AuthController))
 9 SYSTEMPATH\CodeIgniter.php(361): CodeIgniter\CodeIgniter->handleRequest(null, Object(Config\Cache), false)
10 FCPATH\index.php(79): CodeIgniter\CodeIgniter->run()
11 SYSTEMPATH\Commands\Server\rewrite.php(47): require_once('C:\\xampp\\htdocs\\ci4\\e-smades\\public\\index.php')
INFO - 2024-01-22 02:14:18 --> Session: Class initialized using 'CodeIgniter\Session\Handlers\FileHandler' driver.
INFO - 2024-01-22 02:15:06 --> Session: Class initialized using 'CodeIgniter\Session\Handlers\FileHandler' driver.
INFO - 2024-01-22 02:15:31 --> Session: Class initialized using 'CodeIgniter\Session\Handlers\FileHandler' driver.
INFO - 2024-01-22 02:17:06 --> Session: Class initialized using 'CodeIgniter\Session\Handlers\FileHandler' driver.
INFO - 2024-01-22 02:23:35 --> Session: Class initialized using 'CodeIgniter\Session\Handlers\FileHandler' driver.
CRITICAL - 2024-01-22 02:23:50 --> ErrorException: Undefined variable $error
in APPPATH\Views\cms\auth\signin.php on line 70.
 1 APPPATH\Views\cms\auth\signin.php(70): CodeIgniter\Debug\Exceptions->errorHandler(2, 'Undefined variable $error', 'C:\\xampp\\htdocs\\ci4\\e-smades\\app\\Views\\cms\\auth\\signin.php', 70)
 2 SYSTEMPATH\View\View.php(228): include('C:\\xampp\\htdocs\\ci4\\e-smades\\app\\Views\\cms\\auth\\signin.php')
 3 SYSTEMPATH\View\View.php(231): CodeIgniter\View\View->CodeIgniter\View\{closure}()
 4 SYSTEMPATH\Common.php(1178): CodeIgniter\View\View->render('cms/auth/signin', [], true)
 5 APPPATH\Controllers\Cms\AuthController.php(17): view('cms/auth/signin')
 6 SYSTEMPATH\CodeIgniter.php(941): App\Controllers\Cms\AuthController->signIn()
 7 SYSTEMPATH\CodeIgniter.php(502): CodeIgniter\CodeIgniter->runController(Object(App\Controllers\Cms\AuthController))
 8 SYSTEMPATH\CodeIgniter.php(361): CodeIgniter\CodeIgniter->handleRequest(null, Object(Config\Cache), false)
 9 FCPATH\index.php(79): CodeIgniter\CodeIgniter->run()
10 SYSTEMPATH\Commands\Server\rewrite.php(47): require_once('C:\\xampp\\htdocs\\ci4\\e-smades\\public\\index.php')
INFO - 2024-01-22 02:24:15 --> Session: Class initialized using 'CodeIgniter\Session\Handlers\FileHandler' driver.
INFO - 2024-01-22 02:26:19 --> Session: Class initialized using 'CodeIgniter\Session\Handlers\FileHandler' driver.
INFO - 2024-01-22 02:28:04 --> Session: Class initialized using 'CodeIgniter\Session\Handlers\FileHandler' driver.
INFO - 2024-01-22 02:28:53 --> Session: Class initialized using 'CodeIgniter\Session\Handlers\FileHandler' driver.
INFO - 2024-01-22 02:32:14 --> Session: Class initialized using 'CodeIgniter\Session\Handlers\FileHandler' driver.
CRITICAL - 2024-01-22 02:34:27 --> CodeIgniter\View\Exceptions\ViewException: Invalid file: "partials/alert.php"
in SYSTEMPATH\Exceptions\FrameworkException.php on line 39.
 1 SYSTEMPATH\View\View.php(216): CodeIgniter\Exceptions\FrameworkException::forInvalidFile('partials/alert.php')
 2 SYSTEMPATH\Common.php(1178): CodeIgniter\View\View->render('partials/alert', [], true)
 3 APPPATH\Views\cms\auth\signin.php(70): view('partials/alert', [...])
 4 SYSTEMPATH\View\View.php(228): include('C:\\xampp\\htdocs\\ci4\\e-smades\\app\\Views\\cms\\auth\\signin.php')
 5 SYSTEMPATH\View\View.php(231): CodeIgniter\View\View->CodeIgniter\View\{closure}()
 6 SYSTEMPATH\Common.php(1178): CodeIgniter\View\View->render('cms/auth/signin', [], true)
 7 APPPATH\Controllers\Cms\AuthController.php(17): view('cms/auth/signin')
 8 SYSTEMPATH\CodeIgniter.php(941): App\Controllers\Cms\AuthController->signIn()
 9 SYSTEMPATH\CodeIgniter.php(502): CodeIgniter\CodeIgniter->runController(Object(App\Controllers\Cms\AuthController))
10 SYSTEMPATH\CodeIgniter.php(361): CodeIgniter\CodeIgniter->handleRequest(null, Object(Config\Cache), false)
11 FCPATH\index.php(79): CodeIgniter\CodeIgniter->run()
12 SYSTEMPATH\Commands\Server\rewrite.php(47): require_once('C:\\xampp\\htdocs\\ci4\\e-smades\\public\\index.php')
CRITICAL - 2024-01-22 02:34:38 --> CodeIgniter\View\Exceptions\ViewException: Invalid file: "partials/alerts.php"
in SYSTEMPATH\Exceptions\FrameworkException.php on line 39.
 1 SYSTEMPATH\View\View.php(216): CodeIgniter\Exceptions\FrameworkException::forInvalidFile('partials/alerts.php')
 2 SYSTEMPATH\Common.php(1178): CodeIgniter\View\View->render('partials/alerts', [], true)
 3 APPPATH\Views\cms\auth\signin.php(70): view('partials/alerts', [...])
 4 SYSTEMPATH\View\View.php(228): include('C:\\xampp\\htdocs\\ci4\\e-smades\\app\\Views\\cms\\auth\\signin.php')
 5 SYSTEMPATH\View\View.php(231): CodeIgniter\View\View->CodeIgniter\View\{closure}()
 6 SYSTEMPATH\Common.php(1178): CodeIgniter\View\View->render('cms/auth/signin', [], true)
 7 APPPATH\Controllers\Cms\AuthController.php(17): view('cms/auth/signin')
 8 SYSTEMPATH\CodeIgniter.php(941): App\Controllers\Cms\AuthController->signIn()
 9 SYSTEMPATH\CodeIgniter.php(502): CodeIgniter\CodeIgniter->runController(Object(App\Controllers\Cms\AuthController))
10 SYSTEMPATH\CodeIgniter.php(361): CodeIgniter\CodeIgniter->handleRequest(null, Object(Config\Cache), false)
11 FCPATH\index.php(79): CodeIgniter\CodeIgniter->run()
12 SYSTEMPATH\Commands\Server\rewrite.php(47): require_once('C:\\xampp\\htdocs\\ci4\\e-smades\\public\\index.php')
CRITICAL - 2024-01-22 02:34:39 --> CodeIgniter\View\Exceptions\ViewException: Invalid file: "partials/alerts.php"
in SYSTEMPATH\Exceptions\FrameworkException.php on line 39.
 1 SYSTEMPATH\View\View.php(216): CodeIgniter\Exceptions\FrameworkException::forInvalidFile('partials/alerts.php')
 2 SYSTEMPATH\Common.php(1178): CodeIgniter\View\View->render('partials/alerts', [], true)
 3 APPPATH\Views\cms\auth\signin.php(70): view('partials/alerts', [...])
 4 SYSTEMPATH\View\View.php(228): include('C:\\xampp\\htdocs\\ci4\\e-smades\\app\\Views\\cms\\auth\\signin.php')
 5 SYSTEMPATH\View\View.php(231): CodeIgniter\View\View->CodeIgniter\View\{closure}()
 6 SYSTEMPATH\Common.php(1178): CodeIgniter\View\View->render('cms/auth/signin', [], true)
 7 APPPATH\Controllers\Cms\AuthController.php(17): view('cms/auth/signin')
 8 SYSTEMPATH\CodeIgniter.php(941): App\Controllers\Cms\AuthController->signIn()
 9 SYSTEMPATH\CodeIgniter.php(502): CodeIgniter\CodeIgniter->runController(Object(App\Controllers\Cms\AuthController))
10 SYSTEMPATH\CodeIgniter.php(361): CodeIgniter\CodeIgniter->handleRequest(null, Object(Config\Cache), false)
11 FCPATH\index.php(79): CodeIgniter\CodeIgniter->run()
12 SYSTEMPATH\Commands\Server\rewrite.php(47): require_once('C:\\xampp\\htdocs\\ci4\\e-smades\\public\\index.php')
CRITICAL - 2024-01-22 02:34:39 --> CodeIgniter\View\Exceptions\ViewException: Invalid file: "partials/alerts.php"
in SYSTEMPATH\Exceptions\FrameworkException.php on line 39.
 1 SYSTEMPATH\View\View.php(216): CodeIgniter\Exceptions\FrameworkException::forInvalidFile('partials/alerts.php')
 2 SYSTEMPATH\Common.php(1178): CodeIgniter\View\View->render('partials/alerts', [], true)
 3 APPPATH\Views\cms\auth\signin.php(70): view('partials/alerts', [...])
 4 SYSTEMPATH\View\View.php(228): include('C:\\xampp\\htdocs\\ci4\\e-smades\\app\\Views\\cms\\auth\\signin.php')
 5 SYSTEMPATH\View\View.php(231): CodeIgniter\View\View->CodeIgniter\View\{closure}()
 6 SYSTEMPATH\Common.php(1178): CodeIgniter\View\View->render('cms/auth/signin', [], true)
 7 APPPATH\Controllers\Cms\AuthController.php(17): view('cms/auth/signin')
 8 SYSTEMPATH\CodeIgniter.php(941): App\Controllers\Cms\AuthController->signIn()
 9 SYSTEMPATH\CodeIgniter.php(502): CodeIgniter\CodeIgniter->runController(Object(App\Controllers\Cms\AuthController))
10 SYSTEMPATH\CodeIgniter.php(361): CodeIgniter\CodeIgniter->handleRequest(null, Object(Config\Cache), false)
11 FCPATH\index.php(79): CodeIgniter\CodeIgniter->run()
12 SYSTEMPATH\Commands\Server\rewrite.php(47): require_once('C:\\xampp\\htdocs\\ci4\\e-smades\\public\\index.php')
CRITICAL - 2024-01-22 02:34:39 --> CodeIgniter\View\Exceptions\ViewException: Invalid file: "partials/alerts.php"
in SYSTEMPATH\Exceptions\FrameworkException.php on line 39.
 1 SYSTEMPATH\View\View.php(216): CodeIgniter\Exceptions\FrameworkException::forInvalidFile('partials/alerts.php')
 2 SYSTEMPATH\Common.php(1178): CodeIgniter\View\View->render('partials/alerts', [], true)
 3 APPPATH\Views\cms\auth\signin.php(70): view('partials/alerts', [...])
 4 SYSTEMPATH\View\View.php(228): include('C:\\xampp\\htdocs\\ci4\\e-smades\\app\\Views\\cms\\auth\\signin.php')
 5 SYSTEMPATH\View\View.php(231): CodeIgniter\View\View->CodeIgniter\View\{closure}()
 6 SYSTEMPATH\Common.php(1178): CodeIgniter\View\View->render('cms/auth/signin', [], true)
 7 APPPATH\Controllers\Cms\AuthController.php(17): view('cms/auth/signin')
 8 SYSTEMPATH\CodeIgniter.php(941): App\Controllers\Cms\AuthController->signIn()
 9 SYSTEMPATH\CodeIgniter.php(502): CodeIgniter\CodeIgniter->runController(Object(App\Controllers\Cms\AuthController))
10 SYSTEMPATH\CodeIgniter.php(361): CodeIgniter\CodeIgniter->handleRequest(null, Object(Config\Cache), false)
11 FCPATH\index.php(79): CodeIgniter\CodeIgniter->run()
12 SYSTEMPATH\Commands\Server\rewrite.php(47): require_once('C:\\xampp\\htdocs\\ci4\\e-smades\\public\\index.php')
CRITICAL - 2024-01-22 02:34:39 --> CodeIgniter\View\Exceptions\ViewException: Invalid file: "partials/alerts.php"
in SYSTEMPATH\Exceptions\FrameworkException.php on line 39.
 1 SYSTEMPATH\View\View.php(216): CodeIgniter\Exceptions\FrameworkException::forInvalidFile('partials/alerts.php')
 2 SYSTEMPATH\Common.php(1178): CodeIgniter\View\View->render('partials/alerts', [], true)
 3 APPPATH\Views\cms\auth\signin.php(70): view('partials/alerts', [...])
 4 SYSTEMPATH\View\View.php(228): include('C:\\xampp\\htdocs\\ci4\\e-smades\\app\\Views\\cms\\auth\\signin.php')
 5 SYSTEMPATH\View\View.php(231): CodeIgniter\View\View->CodeIgniter\View\{closure}()
 6 SYSTEMPATH\Common.php(1178): CodeIgniter\View\View->render('cms/auth/signin', [], true)
 7 APPPATH\Controllers\Cms\AuthController.php(17): view('cms/auth/signin')
 8 SYSTEMPATH\CodeIgniter.php(941): App\Controllers\Cms\AuthController->signIn()
 9 SYSTEMPATH\CodeIgniter.php(502): CodeIgniter\CodeIgniter->runController(Object(App\Controllers\Cms\AuthController))
10 SYSTEMPATH\CodeIgniter.php(361): CodeIgniter\CodeIgniter->handleRequest(null, Object(Config\Cache), false)
11 FCPATH\index.php(79): CodeIgniter\CodeIgniter->run()
12 SYSTEMPATH\Commands\Server\rewrite.php(47): require_once('C:\\xampp\\htdocs\\ci4\\e-smades\\public\\index.php')
INFO - 2024-01-22 02:34:48 --> Session: Class initialized using 'CodeIgniter\Session\Handlers\FileHandler' driver.
INFO - 2024-01-22 02:34:59 --> Session: Class initialized using 'CodeIgniter\Session\Handlers\FileHandler' driver.
INFO - 2024-01-22 02:34:59 --> Session: Class initialized using 'CodeIgniter\Session\Handlers\FileHandler' driver.
INFO - 2024-01-22 02:36:30 --> Session: Class initialized using 'CodeIgniter\Session\Handlers\FileHandler' driver.
CRITICAL - 2024-01-22 03:04:16 --> CodeIgniter\View\Exceptions\ViewException: Invalid file: "cms/dashboard/.php"
in SYSTEMPATH\Exceptions\FrameworkException.php on line 39.
 1 SYSTEMPATH\View\View.php(216): CodeIgniter\Exceptions\FrameworkException::forInvalidFile('cms/dashboard/.php')
 2 SYSTEMPATH\Common.php(1178): CodeIgniter\View\View->render('cms/dashboard/', [], true)
 3 APPPATH\Views\templates\body.php(28): view('cms/dashboard/')
 4 SYSTEMPATH\View\View.php(228): include('C:\\xampp\\htdocs\\ci4\\e-smades\\app\\Views\\templates\\body.php')
 5 SYSTEMPATH\View\View.php(231): CodeIgniter\View\View->CodeIgniter\View\{closure}()
 6 SYSTEMPATH\Common.php(1178): CodeIgniter\View\View->render('templates/body', [], true)
 7 APPPATH\Views\templates\main.php(8): view('templates/body')
 8 SYSTEMPATH\View\View.php(228): include('C:\\xampp\\htdocs\\ci4\\e-smades\\app\\Views\\templates\\main.php')
 9 SYSTEMPATH\View\View.php(231): CodeIgniter\View\View->CodeIgniter\View\{closure}()
10 SYSTEMPATH\Common.php(1178): CodeIgniter\View\View->render('templates/main', [], true)
11 APPPATH\Controllers\Cms\BaseAdminController.php(62): view('templates/main', [...])
12 APPPATH\Controllers\Cms\DashboardController.php(24): App\Controllers\Cms\BaseAdminController->render([...])
13 SYSTEMPATH\CodeIgniter.php(941): App\Controllers\Cms\DashboardController->index()
14 SYSTEMPATH\CodeIgniter.php(502): CodeIgniter\CodeIgniter->runController(Object(App\Controllers\Cms\DashboardController))
15 SYSTEMPATH\CodeIgniter.php(361): CodeIgniter\CodeIgniter->handleRequest(null, Object(Config\Cache), false)
16 FCPATH\index.php(79): CodeIgniter\CodeIgniter->run()
17 SYSTEMPATH\Commands\Server\rewrite.php(47): require_once('C:\\xampp\\htdocs\\ci4\\e-smades\\public\\index.php')
CRITICAL - 2024-01-22 03:04:34 --> CodeIgniter\View\Exceptions\ViewException: Invalid file: "cms/dashboard/index.php"
in SYSTEMPATH\Exceptions\FrameworkException.php on line 39.
 1 SYSTEMPATH\View\View.php(216): CodeIgniter\Exceptions\FrameworkException::forInvalidFile('cms/dashboard/index.php')
 2 SYSTEMPATH\Common.php(1178): CodeIgniter\View\View->render('cms/dashboard/index', [], true)
 3 APPPATH\Views\templates\body.php(28): view('cms/dashboard/index')
 4 SYSTEMPATH\View\View.php(228): include('C:\\xampp\\htdocs\\ci4\\e-smades\\app\\Views\\templates\\body.php')
 5 SYSTEMPATH\View\View.php(231): CodeIgniter\View\View->CodeIgniter\View\{closure}()
 6 SYSTEMPATH\Common.php(1178): CodeIgniter\View\View->render('templates/body', [], true)
 7 APPPATH\Views\templates\main.php(8): view('templates/body')
 8 SYSTEMPATH\View\View.php(228): include('C:\\xampp\\htdocs\\ci4\\e-smades\\app\\Views\\templates\\main.php')
 9 SYSTEMPATH\View\View.php(231): CodeIgniter\View\View->CodeIgniter\View\{closure}()
10 SYSTEMPATH\Common.php(1178): CodeIgniter\View\View->render('templates/main', [], true)
11 APPPATH\Controllers\Cms\BaseAdminController.php(62): view('templates/main', [...])
12 APPPATH\Controllers\Cms\DashboardController.php(24): App\Controllers\Cms\BaseAdminController->render([...])
13 SYSTEMPATH\CodeIgniter.php(941): App\Controllers\Cms\DashboardController->index()
14 SYSTEMPATH\CodeIgniter.php(502): CodeIgniter\CodeIgniter->runController(Object(App\Controllers\Cms\DashboardController))
15 SYSTEMPATH\CodeIgniter.php(361): CodeIgniter\CodeIgniter->handleRequest(null, Object(Config\Cache), false)
16 FCPATH\index.php(79): CodeIgniter\CodeIgniter->run()
17 SYSTEMPATH\Commands\Server\rewrite.php(47): require_once('C:\\xampp\\htdocs\\ci4\\e-smades\\public\\index.php')
CRITICAL - 2024-01-22 04:05:34 --> CodeIgniter\View\Exceptions\ViewException: Invalid file: "scripts.php"
in SYSTEMPATH\Exceptions\FrameworkException.php on line 39.
 1 SYSTEMPATH\View\View.php(216): CodeIgniter\Exceptions\FrameworkException::forInvalidFile('scripts.php')
 2 SYSTEMPATH\Common.php(1178): CodeIgniter\View\View->render('scripts', [], true)
 3 APPPATH\Views\cms\templates\main.php(167): view('scripts')
 4 SYSTEMPATH\View\View.php(228): include('C:\\xampp\\htdocs\\ci4\\e-smades\\app\\Views\\cms\\templates\\main.php')
 5 SYSTEMPATH\View\View.php(231): CodeIgniter\View\View->CodeIgniter\View\{closure}()
 6 SYSTEMPATH\Common.php(1178): CodeIgniter\View\View->render('cms/templates/main', [], true)
 7 APPPATH\Controllers\Cms\BaseAdminController.php(62): view('cms/templates/main', [...])
 8 APPPATH\Controllers\Cms\DashboardController.php(24): App\Controllers\Cms\BaseAdminController->render([...])
 9 SYSTEMPATH\CodeIgniter.php(941): App\Controllers\Cms\DashboardController->index()
10 SYSTEMPATH\CodeIgniter.php(502): CodeIgniter\CodeIgniter->runController(Object(App\Controllers\Cms\DashboardController))
11 SYSTEMPATH\CodeIgniter.php(361): CodeIgniter\CodeIgniter->handleRequest(null, Object(Config\Cache), false)
12 FCPATH\index.php(79): CodeIgniter\CodeIgniter->run()
13 SYSTEMPATH\Commands\Server\rewrite.php(47): require_once('C:\\xampp\\htdocs\\ci4\\e-smades\\public\\index.php')
CRITICAL - 2024-01-22 08:16:57 --> TypeError: CodeIgniter\HTTP\SiteURI::stringifyRelativePath(): Return value must be of type string, null returned
in SYSTEMPATH\HTTP\SiteURI.php on line 403.
 1 SYSTEMPATH\HTTP\SiteURI.php(415): CodeIgniter\HTTP\SiteURI->stringifyRelativePath(null)
 2 SYSTEMPATH\Helpers\url_helper.php(36): CodeIgniter\HTTP\SiteURI->siteUrl(null, null, null)
 3 APPPATH\Views\cms\templates\menu.php(35): site_url(null)
 4 SYSTEMPATH\View\View.php(228): include('C:\\xampp\\htdocs\\ci4\\e-smades\\app\\Views\\cms\\templates\\menu.php')
 5 SYSTEMPATH\View\View.php(231): CodeIgniter\View\View->CodeIgniter\View\{closure}()
 6 SYSTEMPATH\Common.php(1178): CodeIgniter\View\View->render('cms/templates/menu', [], true)
 7 APPPATH\Views\cms\templates\main.php(135): view('cms/templates/menu')
 8 SYSTEMPATH\View\View.php(228): include('C:\\xampp\\htdocs\\ci4\\e-smades\\app\\Views\\cms\\templates\\main.php')
 9 SYSTEMPATH\View\View.php(231): CodeIgniter\View\View->CodeIgniter\View\{closure}()
10 SYSTEMPATH\Common.php(1178): CodeIgniter\View\View->render('cms/templates/main', [], true)
11 APPPATH\Controllers\Cms\BaseAdminController.php(62): view('cms/templates/main', [...])
12 APPPATH\Controllers\Cms\DashboardController.php(24): App\Controllers\Cms\BaseAdminController->render([...])
13 SYSTEMPATH\CodeIgniter.php(941): App\Controllers\Cms\DashboardController->index()
14 SYSTEMPATH\CodeIgniter.php(502): CodeIgniter\CodeIgniter->runController(Object(App\Controllers\Cms\DashboardController))
15 SYSTEMPATH\CodeIgniter.php(361): CodeIgniter\CodeIgniter->handleRequest(null, Object(Config\Cache), false)
16 FCPATH\index.php(79): CodeIgniter\CodeIgniter->run()
17 SYSTEMPATH\Commands\Server\rewrite.php(47): require_once('C:\\xampp\\htdocs\\ci4\\e-smades\\public\\index.php')
CRITICAL - 2024-01-22 11:04:52 --> ErrorException: Undefined variable $pageTitle
in APPPATH\Views\cms\templates\content.php on line 11.
 1 APPPATH\Views\cms\templates\content.php(11): CodeIgniter\Debug\Exceptions->errorHandler(2, 'Undefined variable $pageTitle', 'C:\\xampp\\htdocs\\ci4\\e-smades\\app\\Views\\cms\\templates\\content.php', 11)
 2 SYSTEMPATH\View\View.php(228): include('C:\\xampp\\htdocs\\ci4\\e-smades\\app\\Views\\cms\\templates\\content.php')
 3 SYSTEMPATH\View\View.php(231): CodeIgniter\View\View->CodeIgniter\View\{closure}()
 4 SYSTEMPATH\Common.php(1178): CodeIgniter\View\View->render('cms/templates/content', [], true)
 5 APPPATH\Views\cms\templates\main.php(144): view('cms/templates/content')
 6 SYSTEMPATH\View\View.php(228): include('C:\\xampp\\htdocs\\ci4\\e-smades\\app\\Views\\cms\\templates\\main.php')
 7 SYSTEMPATH\View\View.php(231): CodeIgniter\View\View->CodeIgniter\View\{closure}()
 8 SYSTEMPATH\Common.php(1178): CodeIgniter\View\View->render('cms/templates/main', [], true)
 9 APPPATH\Controllers\Cms\BaseAdminController.php(62): view('cms/templates/main', [...])
10 APPPATH\Controllers\Cms\AsetDesaController.php(23): App\Controllers\Cms\BaseAdminController->render([...])
11 SYSTEMPATH\CodeIgniter.php(941): App\Controllers\Cms\AsetDesaController->index()
12 SYSTEMPATH\CodeIgniter.php(502): CodeIgniter\CodeIgniter->runController(Object(App\Controllers\Cms\AsetDesaController))
13 SYSTEMPATH\CodeIgniter.php(361): CodeIgniter\CodeIgniter->handleRequest(null, Object(Config\Cache), false)
14 FCPATH\index.php(79): CodeIgniter\CodeIgniter->run()
15 SYSTEMPATH\Commands\Server\rewrite.php(47): require_once('C:\\xampp\\htdocs\\ci4\\e-smades\\public\\index.php')
CRITICAL - 2024-01-22 11:09:30 --> ErrorException: Undefined variable $data
in APPPATH\Views\cms\templates\breadcrumb.php on line 2.
 1 APPPATH\Views\cms\templates\breadcrumb.php(2): CodeIgniter\Debug\Exceptions->errorHandler(2, 'Undefined variable $data', 'C:\\xampp\\htdocs\\ci4\\e-smades\\app\\Views\\cms\\templates\\breadcrumb.php', 2)
 2 SYSTEMPATH\View\View.php(228): include('C:\\xampp\\htdocs\\ci4\\e-smades\\app\\Views\\cms\\templates\\breadcrumb.php')
 3 SYSTEMPATH\View\View.php(231): CodeIgniter\View\View->CodeIgniter\View\{closure}()
 4 SYSTEMPATH\Common.php(1178): CodeIgniter\View\View->render('cms/templates/breadcrumb', [], true)
 5 APPPATH\Views\cms\templates\content.php(15): view('cms/templates/breadcrumb', [...])
 6 SYSTEMPATH\View\View.php(228): include('C:\\xampp\\htdocs\\ci4\\e-smades\\app\\Views\\cms\\templates\\content.php')
 7 SYSTEMPATH\View\View.php(231): CodeIgniter\View\View->CodeIgniter\View\{closure}()
 8 SYSTEMPATH\Common.php(1178): CodeIgniter\View\View->render('cms/templates/content', [], true)
 9 APPPATH\Views\cms\templates\main.php(144): view('cms/templates/content')
10 SYSTEMPATH\View\View.php(228): include('C:\\xampp\\htdocs\\ci4\\e-smades\\app\\Views\\cms\\templates\\main.php')
11 SYSTEMPATH\View\View.php(231): CodeIgniter\View\View->CodeIgniter\View\{closure}()
12 SYSTEMPATH\Common.php(1178): CodeIgniter\View\View->render('cms/templates/main', [], true)
13 APPPATH\Controllers\Cms\BaseAdminController.php(62): view('cms/templates/main', [...])
14 APPPATH\Controllers\Cms\AsetDesaController.php(23): App\Controllers\Cms\BaseAdminController->render([...])
15 SYSTEMPATH\CodeIgniter.php(941): App\Controllers\Cms\AsetDesaController->index()
16 SYSTEMPATH\CodeIgniter.php(502): CodeIgniter\CodeIgniter->runController(Object(App\Controllers\Cms\AsetDesaController))
17 SYSTEMPATH\CodeIgniter.php(361): CodeIgniter\CodeIgniter->handleRequest(null, Object(Config\Cache), false)
18 FCPATH\index.php(79): CodeIgniter\CodeIgniter->run()
19 SYSTEMPATH\Commands\Server\rewrite.php(47): require_once('C:\\xampp\\htdocs\\ci4\\e-smades\\public\\index.php')
CRITICAL - 2024-01-22 11:10:52 --> ErrorException: Array to string conversion
in APPPATH\Views\cms\templates\breadcrumb.php on line 2.
 1 APPPATH\Views\cms\templates\breadcrumb.php(2): CodeIgniter\Debug\Exceptions->errorHandler(2, 'Array to string conversion', 'C:\\xampp\\htdocs\\ci4\\e-smades\\app\\Views\\cms\\templates\\breadcrumb.php', 2)
 2 SYSTEMPATH\View\View.php(228): include('C:\\xampp\\htdocs\\ci4\\e-smades\\app\\Views\\cms\\templates\\breadcrumb.php')
 3 SYSTEMPATH\View\View.php(231): CodeIgniter\View\View->CodeIgniter\View\{closure}()
 4 SYSTEMPATH\Common.php(1178): CodeIgniter\View\View->render('cms/templates/breadcrumb', [], true)
 5 APPPATH\Views\cms\templates\content.php(17): view('cms/templates/breadcrumb', [...])
 6 SYSTEMPATH\View\View.php(228): include('C:\\xampp\\htdocs\\ci4\\e-smades\\app\\Views\\cms\\templates\\content.php')
 7 SYSTEMPATH\View\View.php(231): CodeIgniter\View\View->CodeIgniter\View\{closure}()
 8 SYSTEMPATH\Common.php(1178): CodeIgniter\View\View->render('cms/templates/content', [], true)
 9 APPPATH\Views\cms\templates\main.php(144): view('cms/templates/content')
10 SYSTEMPATH\View\View.php(228): include('C:\\xampp\\htdocs\\ci4\\e-smades\\app\\Views\\cms\\templates\\main.php')
11 SYSTEMPATH\View\View.php(231): CodeIgniter\View\View->CodeIgniter\View\{closure}()
12 SYSTEMPATH\Common.php(1178): CodeIgniter\View\View->render('cms/templates/main', [], true)
13 APPPATH\Controllers\Cms\BaseAdminController.php(62): view('cms/templates/main', [...])
14 APPPATH\Controllers\Cms\AsetDesaController.php(23): App\Controllers\Cms\BaseAdminController->render([...])
15 SYSTEMPATH\CodeIgniter.php(941): App\Controllers\Cms\AsetDesaController->index()
16 SYSTEMPATH\CodeIgniter.php(502): CodeIgniter\CodeIgniter->runController(Object(App\Controllers\Cms\AsetDesaController))
17 SYSTEMPATH\CodeIgniter.php(361): CodeIgniter\CodeIgniter->handleRequest(null, Object(Config\Cache), false)
18 FCPATH\index.php(79): CodeIgniter\CodeIgniter->run()
19 SYSTEMPATH\Commands\Server\rewrite.php(47): require_once('C:\\xampp\\htdocs\\ci4\\e-smades\\public\\index.php')
CRITICAL - 2024-01-22 11:17:09 --> CodeIgniter\View\Exceptions\ViewException: Invalid file: "cms/templates/footer.php"
in SYSTEMPATH\Exceptions\FrameworkException.php on line 39.
 1 SYSTEMPATH\View\View.php(216): CodeIgniter\Exceptions\FrameworkException::forInvalidFile('cms/templates/footer.php')
 2 SYSTEMPATH\Common.php(1178): CodeIgniter\View\View->render('cms/templates/footer', [], true)
 3 APPPATH\Views\cms\templates\content.php(37): view('cms/templates/footer')
 4 SYSTEMPATH\View\View.php(228): include('C:\\xampp\\htdocs\\ci4\\e-smades\\app\\Views\\cms\\templates\\content.php')
 5 SYSTEMPATH\View\View.php(231): CodeIgniter\View\View->CodeIgniter\View\{closure}()
 6 SYSTEMPATH\Common.php(1178): CodeIgniter\View\View->render('cms/templates/content', [], true)
 7 APPPATH\Views\cms\templates\main.php(144): view('cms/templates/content')
 8 SYSTEMPATH\View\View.php(228): include('C:\\xampp\\htdocs\\ci4\\e-smades\\app\\Views\\cms\\templates\\main.php')
 9 SYSTEMPATH\View\View.php(231): CodeIgniter\View\View->CodeIgniter\View\{closure}()
10 SYSTEMPATH\Common.php(1178): CodeIgniter\View\View->render('cms/templates/main', [], true)
11 APPPATH\Controllers\Cms\BaseAdminController.php(62): view('cms/templates/main', [...])
12 APPPATH\Controllers\Cms\AsetDesaController.php(24): App\Controllers\Cms\BaseAdminController->render([...])
13 SYSTEMPATH\CodeIgniter.php(941): App\Controllers\Cms\AsetDesaController->index()
14 SYSTEMPATH\CodeIgniter.php(502): CodeIgniter\CodeIgniter->runController(Object(App\Controllers\Cms\AsetDesaController))
15 SYSTEMPATH\CodeIgniter.php(361): CodeIgniter\CodeIgniter->handleRequest(null, Object(Config\Cache), false)
16 FCPATH\index.php(79): CodeIgniter\CodeIgniter->run()
17 SYSTEMPATH\Commands\Server\rewrite.php(47): require_once('C:\\xampp\\htdocs\\ci4\\e-smades\\public\\index.php')
