CRITICAL - 2024-01-20 02:38:50 --> CodeIgniter\View\Exceptions\ViewException: Invalid file: "templates/header.php"
in SYSTEMPATH\Exceptions\FrameworkException.php on line 39.
 1 SYSTEMPATH\View\View.php(216): CodeIgniter\Exceptions\FrameworkException::forInvalidFile('templates/header.php')
 2 SYSTEMPATH\Common.php(1178): CodeIgniter\View\View->render('templates/header', [], true)
 3 APPPATH\Controllers\BaseController.php(62): view('templates/header')
 4 APPPATH\Controllers\Home.php(13): App\Controllers\BaseController->render('home/index', [...])
 5 SYSTEMPATH\CodeIgniter.php(941): App\Controllers\Home->index()
 6 SYSTEMPATH\CodeIgniter.php(502): CodeIgniter\CodeIgniter->runController(Object(App\Controllers\Home))
 7 SYSTEMPATH\CodeIgniter.php(361): CodeIgniter\CodeIgniter->handleRequest(null, Object(Config\Cache), false)
 8 FCPATH\index.php(79): CodeIgniter\CodeIgniter->run()
 9 SYSTEMPATH\Commands\Server\rewrite.php(47): require_once('C:\\xampp\\htdocs\\ci4\\e-smades\\public\\index.php')
CRITICAL - 2024-01-20 02:38:51 --> CodeIgniter\View\Exceptions\ViewException: Invalid file: "templates/header.php"
in SYSTEMPATH\Exceptions\FrameworkException.php on line 39.
 1 SYSTEMPATH\View\View.php(216): CodeIgniter\Exceptions\FrameworkException::forInvalidFile('templates/header.php')
 2 SYSTEMPATH\Common.php(1178): CodeIgniter\View\View->render('templates/header', [], true)
 3 APPPATH\Controllers\BaseController.php(62): view('templates/header')
 4 APPPATH\Controllers\Home.php(13): App\Controllers\BaseController->render('home/index', [...])
 5 SYSTEMPATH\CodeIgniter.php(941): App\Controllers\Home->index()
 6 SYSTEMPATH\CodeIgniter.php(502): CodeIgniter\CodeIgniter->runController(Object(App\Controllers\Home))
 7 SYSTEMPATH\CodeIgniter.php(361): CodeIgniter\CodeIgniter->handleRequest(null, Object(Config\Cache), false)
 8 FCPATH\index.php(79): CodeIgniter\CodeIgniter->run()
 9 SYSTEMPATH\Commands\Server\rewrite.php(47): require_once('C:\\xampp\\htdocs\\ci4\\e-smades\\public\\index.php')
CRITICAL - 2024-01-20 02:39:10 --> CodeIgniter\View\Exceptions\ViewException: Invalid file: "templates/header.php"
in SYSTEMPATH\Exceptions\FrameworkException.php on line 39.
 1 SYSTEMPATH\View\View.php(216): CodeIgniter\Exceptions\FrameworkException::forInvalidFile('templates/header.php')
 2 SYSTEMPATH\Common.php(1178): CodeIgniter\View\View->render('templates/header', [], true)
 3 APPPATH\Controllers\BaseController.php(62): view('templates/header')
 4 APPPATH\Controllers\Home.php(13): App\Controllers\BaseController->render('home/index', [...])
 5 SYSTEMPATH\CodeIgniter.php(941): App\Controllers\Home->index()
 6 SYSTEMPATH\CodeIgniter.php(502): CodeIgniter\CodeIgniter->runController(Object(App\Controllers\Home))
 7 SYSTEMPATH\CodeIgniter.php(361): CodeIgniter\CodeIgniter->handleRequest(null, Object(Config\Cache), false)
 8 FCPATH\index.php(79): CodeIgniter\CodeIgniter->run()
 9 SYSTEMPATH\Commands\Server\rewrite.php(47): require_once('C:\\xampp\\htdocs\\ci4\\e-smades\\public\\index.php')
CRITICAL - 2024-01-20 02:45:41 --> ErrorException: Undefined variable $title
in APPPATH\Views\templates\head.php on line 4.
 1 APPPATH\Views\templates\head.php(4): CodeIgniter\Debug\Exceptions->errorHandler(2, 'Undefined variable $title', 'C:\\xampp\\htdocs\\ci4\\e-smades\\app\\Views\\templates\\head.php', 4)
 2 SYSTEMPATH\View\View.php(228): include('C:\\xampp\\htdocs\\ci4\\e-smades\\app\\Views\\templates\\head.php')
 3 SYSTEMPATH\View\View.php(231): CodeIgniter\View\View->CodeIgniter\View\{closure}()
 4 SYSTEMPATH\Common.php(1178): CodeIgniter\View\View->render('templates/head', [], true)
 5 APPPATH\Controllers\BaseController.php(62): view('templates/head')
 6 APPPATH\Controllers\Home.php(12): App\Controllers\BaseController->render('home/index', [...])
 7 SYSTEMPATH\CodeIgniter.php(941): App\Controllers\Home->index()
 8 SYSTEMPATH\CodeIgniter.php(502): CodeIgniter\CodeIgniter->runController(Object(App\Controllers\Home))
 9 SYSTEMPATH\CodeIgniter.php(361): CodeIgniter\CodeIgniter->handleRequest(null, Object(Config\Cache), false)
10 FCPATH\index.php(79): CodeIgniter\CodeIgniter->run()
11 SYSTEMPATH\Commands\Server\rewrite.php(47): require_once('C:\\xampp\\htdocs\\ci4\\e-smades\\public\\index.php')
CRITICAL - 2024-01-20 02:45:55 --> ErrorException: Undefined variable $title
in APPPATH\Views\templates\head.php on line 4.
 1 APPPATH\Views\templates\head.php(4): CodeIgniter\Debug\Exceptions->errorHandler(2, 'Undefined variable $title', 'C:\\xampp\\htdocs\\ci4\\e-smades\\app\\Views\\templates\\head.php', 4)
 2 SYSTEMPATH\View\View.php(228): include('C:\\xampp\\htdocs\\ci4\\e-smades\\app\\Views\\templates\\head.php')
 3 SYSTEMPATH\View\View.php(231): CodeIgniter\View\View->CodeIgniter\View\{closure}()
 4 SYSTEMPATH\Common.php(1178): CodeIgniter\View\View->render('templates/head', [], true)
 5 APPPATH\Controllers\BaseController.php(62): view('templates/head')
 6 APPPATH\Controllers\Home.php(12): App\Controllers\BaseController->render('home/index', [...])
 7 SYSTEMPATH\CodeIgniter.php(941): App\Controllers\Home->index()
 8 SYSTEMPATH\CodeIgniter.php(502): CodeIgniter\CodeIgniter->runController(Object(App\Controllers\Home))
 9 SYSTEMPATH\CodeIgniter.php(361): CodeIgniter\CodeIgniter->handleRequest(null, Object(Config\Cache), false)
10 FCPATH\index.php(79): CodeIgniter\CodeIgniter->run()
11 SYSTEMPATH\Commands\Server\rewrite.php(47): require_once('C:\\xampp\\htdocs\\ci4\\e-smades\\public\\index.php')
CRITICAL - 2024-01-20 02:46:58 --> ErrorException: include(templates/head.php): Failed to open stream: No such file or directory
in APPPATH\Views\templates\main.php on line 4.
 1 APPPATH\Views\templates\main.php(4): CodeIgniter\Debug\Exceptions->errorHandler(2, 'include(templates/head.php): Failed to open stream: No such file or directory', 'C:\\xampp\\htdocs\\ci4\\e-smades\\app\\Views\\templates\\main.php', 4)
 2 APPPATH\Views\templates\main.php(4): include()
 3 SYSTEMPATH\View\View.php(228): include('C:\\xampp\\htdocs\\ci4\\e-smades\\app\\Views\\templates\\main.php')
 4 SYSTEMPATH\View\View.php(231): CodeIgniter\View\View->CodeIgniter\View\{closure}()
 5 SYSTEMPATH\Common.php(1178): CodeIgniter\View\View->render('templates/main', [], true)
 6 APPPATH\Controllers\BaseController.php(66): view('templates/main', [...])
 7 APPPATH\Controllers\Home.php(12): App\Controllers\BaseController->render('<!-- DEBUG-VIEW START 1 APPPATH\\Views\\home\\index.php -->
OK
<!-- DEBUG-VIEW ENDED 1 APPPATH\\Views\\home\\index.php -->
', [...])
 8 SYSTEMPATH\CodeIgniter.php(941): App\Controllers\Home->index()
 9 SYSTEMPATH\CodeIgniter.php(502): CodeIgniter\CodeIgniter->runController(Object(App\Controllers\Home))
10 SYSTEMPATH\CodeIgniter.php(361): CodeIgniter\CodeIgniter->handleRequest(null, Object(Config\Cache), false)
11 FCPATH\index.php(79): CodeIgniter\CodeIgniter->run()
12 SYSTEMPATH\Commands\Server\rewrite.php(47): require_once('C:\\xampp\\htdocs\\ci4\\e-smades\\public\\index.php')
CRITICAL - 2024-01-20 02:47:17 --> ErrorException: include(templated/head.php): Failed to open stream: No such file or directory
in APPPATH\Views\templates\main.php on line 4.
 1 APPPATH\Views\templates\main.php(4): CodeIgniter\Debug\Exceptions->errorHandler(2, 'include(templated/head.php): Failed to open stream: No such file or directory', 'C:\\xampp\\htdocs\\ci4\\e-smades\\app\\Views\\templates\\main.php', 4)
 2 APPPATH\Views\templates\main.php(4): include()
 3 SYSTEMPATH\View\View.php(228): include('C:\\xampp\\htdocs\\ci4\\e-smades\\app\\Views\\templates\\main.php')
 4 SYSTEMPATH\View\View.php(231): CodeIgniter\View\View->CodeIgniter\View\{closure}()
 5 SYSTEMPATH\Common.php(1178): CodeIgniter\View\View->render('templates/main', [], true)
 6 APPPATH\Controllers\BaseController.php(66): view('templates/main', [...])
 7 APPPATH\Controllers\Home.php(12): App\Controllers\BaseController->render('<!-- DEBUG-VIEW START 1 APPPATH\\Views\\home\\index.php -->
OK
<!-- DEBUG-VIEW ENDED 1 APPPATH\\Views\\home\\index.php -->
', [...])
 8 SYSTEMPATH\CodeIgniter.php(941): App\Controllers\Home->index()
 9 SYSTEMPATH\CodeIgniter.php(502): CodeIgniter\CodeIgniter->runController(Object(App\Controllers\Home))
10 SYSTEMPATH\CodeIgniter.php(361): CodeIgniter\CodeIgniter->handleRequest(null, Object(Config\Cache), false)
11 FCPATH\index.php(79): CodeIgniter\CodeIgniter->run()
12 SYSTEMPATH\Commands\Server\rewrite.php(47): require_once('C:\\xampp\\htdocs\\ci4\\e-smades\\public\\index.php')
CRITICAL - 2024-01-20 02:47:21 --> CodeIgniter\View\Exceptions\ViewException: Invalid file: "templated/head.php"
in SYSTEMPATH\Exceptions\FrameworkException.php on line 39.
 1 SYSTEMPATH\View\View.php(216): CodeIgniter\Exceptions\FrameworkException::forInvalidFile('templated/head.php')
 2 SYSTEMPATH\Common.php(1178): CodeIgniter\View\View->render('templated/head.php', [], true)
 3 APPPATH\Views\templates\main.php(4): view('templated/head.php')
 4 SYSTEMPATH\View\View.php(228): include('C:\\xampp\\htdocs\\ci4\\e-smades\\app\\Views\\templates\\main.php')
 5 SYSTEMPATH\View\View.php(231): CodeIgniter\View\View->CodeIgniter\View\{closure}()
 6 SYSTEMPATH\Common.php(1178): CodeIgniter\View\View->render('templates/main', [], true)
 7 APPPATH\Controllers\BaseController.php(66): view('templates/main', [...])
 8 APPPATH\Controllers\Home.php(12): App\Controllers\BaseController->render('<!-- DEBUG-VIEW START 1 APPPATH\\Views\\home\\index.php -->
OK
<!-- DEBUG-VIEW ENDED 1 APPPATH\\Views\\home\\index.php -->
', [...])
 9 SYSTEMPATH\CodeIgniter.php(941): App\Controllers\Home->index()
10 SYSTEMPATH\CodeIgniter.php(502): CodeIgniter\CodeIgniter->runController(Object(App\Controllers\Home))
11 SYSTEMPATH\CodeIgniter.php(361): CodeIgniter\CodeIgniter->handleRequest(null, Object(Config\Cache), false)
12 FCPATH\index.php(79): CodeIgniter\CodeIgniter->run()
13 SYSTEMPATH\Commands\Server\rewrite.php(47): require_once('C:\\xampp\\htdocs\\ci4\\e-smades\\public\\index.php')
CRITICAL - 2024-01-20 02:48:10 --> ErrorException: Undefined variable $view
in APPPATH\Views\templates\main.php on line 7.
 1 APPPATH\Views\templates\main.php(7): CodeIgniter\Debug\Exceptions->errorHandler(2, 'Undefined variable $view', 'C:\\xampp\\htdocs\\ci4\\e-smades\\app\\Views\\templates\\main.php', 7)
 2 SYSTEMPATH\View\View.php(228): include('C:\\xampp\\htdocs\\ci4\\e-smades\\app\\Views\\templates\\main.php')
 3 SYSTEMPATH\View\View.php(231): CodeIgniter\View\View->CodeIgniter\View\{closure}()
 4 SYSTEMPATH\Common.php(1178): CodeIgniter\View\View->render('templates/main', [], true)
 5 APPPATH\Controllers\BaseController.php(66): view('templates/main', [...])
 6 APPPATH\Controllers\Home.php(12): App\Controllers\BaseController->render('<!-- DEBUG-VIEW START 1 APPPATH\\Views\\home\\index.php -->
OK
<!-- DEBUG-VIEW ENDED 1 APPPATH\\Views\\home\\index.php -->
', [...])
 7 SYSTEMPATH\CodeIgniter.php(941): App\Controllers\Home->index()
 8 SYSTEMPATH\CodeIgniter.php(502): CodeIgniter\CodeIgniter->runController(Object(App\Controllers\Home))
 9 SYSTEMPATH\CodeIgniter.php(361): CodeIgniter\CodeIgniter->handleRequest(null, Object(Config\Cache), false)
10 FCPATH\index.php(79): CodeIgniter\CodeIgniter->run()
11 SYSTEMPATH\Commands\Server\rewrite.php(47): require_once('C:\\xampp\\htdocs\\ci4\\e-smades\\public\\index.php')
CRITICAL - 2024-01-20 02:52:23 --> ErrorException: Undefined variable $title
in APPPATH\Views\templates\head.php on line 7.
 1 APPPATH\Views\templates\head.php(7): CodeIgniter\Debug\Exceptions->errorHandler(2, 'Undefined variable $title', 'C:\\xampp\\htdocs\\ci4\\e-smades\\app\\Views\\templates\\head.php', 7)
 2 SYSTEMPATH\View\View.php(228): include('C:\\xampp\\htdocs\\ci4\\e-smades\\app\\Views\\templates\\head.php')
 3 SYSTEMPATH\View\View.php(231): CodeIgniter\View\View->CodeIgniter\View\{closure}()
 4 SYSTEMPATH\Common.php(1178): CodeIgniter\View\View->render('templates/head', [], true)
 5 APPPATH\Controllers\BaseController.php(62): view('templates/head')
 6 APPPATH\Controllers\Home.php(12): App\Controllers\BaseController->render('home/index', [...])
 7 SYSTEMPATH\CodeIgniter.php(941): App\Controllers\Home->index()
 8 SYSTEMPATH\CodeIgniter.php(502): CodeIgniter\CodeIgniter->runController(Object(App\Controllers\Home))
 9 SYSTEMPATH\CodeIgniter.php(361): CodeIgniter\CodeIgniter->handleRequest(null, Object(Config\Cache), false)
10 FCPATH\index.php(79): CodeIgniter\CodeIgniter->run()
11 SYSTEMPATH\Commands\Server\rewrite.php(47): require_once('C:\\xampp\\htdocs\\ci4\\e-smades\\public\\index.php')
CRITICAL - 2024-01-20 02:53:56 --> CodeIgniter\View\Exceptions\ViewException: Invalid file: "templates/footer.php"
in SYSTEMPATH\Exceptions\FrameworkException.php on line 39.
 1 SYSTEMPATH\View\View.php(216): CodeIgniter\Exceptions\FrameworkException::forInvalidFile('templates/footer.php')
 2 SYSTEMPATH\Common.php(1178): CodeIgniter\View\View->render('templates/footer', [], true)
 3 APPPATH\Controllers\BaseController.php(66): view('templates/footer')
 4 APPPATH\Controllers\Home.php(12): App\Controllers\BaseController->render('home/index', [...])
 5 SYSTEMPATH\CodeIgniter.php(941): App\Controllers\Home->index()
 6 SYSTEMPATH\CodeIgniter.php(502): CodeIgniter\CodeIgniter->runController(Object(App\Controllers\Home))
 7 SYSTEMPATH\CodeIgniter.php(361): CodeIgniter\CodeIgniter->handleRequest(null, Object(Config\Cache), false)
 8 FCPATH\index.php(79): CodeIgniter\CodeIgniter->run()
 9 SYSTEMPATH\Commands\Server\rewrite.php(47): require_once('C:\\xampp\\htdocs\\ci4\\e-smades\\public\\index.php')
